<?xml version="1.0" encoding="UTF-8"?>
<!-- Generated by org.testng.reporters.JUnitReportReporter -->
<testsuite skipped="1" hostname="Infva07023" name="testNG_Day2.NewTest" tests="1" failures="0" timestamp="13 Mar 2019 06:35:43 GMT" time="0.000" errors="0">
  <testcase name="Login" time="0.000" classname="testNG_Day2.NewTest">
    <skipped/>
  </testcase> <!-- Login -->
</testsuite> <!-- testNG_Day2.NewTest -->
