<?xml version="1.0" encoding="UTF-8"?>
<!-- Generated by org.testng.reporters.JUnitReportReporter -->
<testsuite skipped="0" hostname="Infva07023" name="day8TestNG.Grouping" tests="2" failures="0" timestamp="13 Mar 2019 09:17:12 GMT" time="0.016" errors="0">
  <testcase name="f2" time="0.000" classname="day8TestNG.Grouping"/>
  <testcase name="f1" time="0.016" classname="day8TestNG.Grouping"/>
</testsuite> <!-- day8TestNG.Grouping -->
