<?xml version="1.0" encoding="UTF-8"?>
<!-- Generated by org.testng.reporters.JUnitReportReporter -->
<testsuite skipped="0" hostname="Infva07023" name="day7.CookieTest" tests="1" failures="0" timestamp="12 Mar 2019 05:47:25 GMT" time="2.239" errors="0">
  <testcase name="Google" time="2.239" classname="day7.CookieTest"/>
</testsuite> <!-- day7.CookieTest -->
