<?xml version="1.0" encoding="UTF-8"?>
<!-- Generated by org.testng.reporters.JUnitReportReporter -->
<testsuite skipped="0" hostname="Infva07023" name="day8TestNG.ReadProperty" tests="1" failures="0" timestamp="13 Mar 2019 10:27:20 GMT" time="3.938" errors="0">
  <testcase name="property" time="3.938" classname="day8TestNG.ReadProperty"/>
</testsuite> <!-- day8TestNG.ReadProperty -->
