<?xml version="1.0" encoding="UTF-8"?>
<!-- Generated by org.testng.reporters.JUnitReportReporter -->
<testsuite skipped="0" hostname="Infva07023" name="day9.Executekeywords" tests="1" failures="0" timestamp="14 Mar 2019 05:17:34 GMT" time="15.153" errors="0">
  <testcase name="f" time="15.153" classname="day9.Executekeywords"/>
</testsuite> <!-- day9.Executekeywords -->
