<?xml version="1.0" encoding="UTF-8"?>
<!-- Generated by org.testng.reporters.JUnitReportReporter -->
<testsuite skipped="0" hostname="Infva07023" name="testNG.DeleteCookie" tests="1" failures="0" timestamp="12 Mar 2019 05:48:15 GMT" time="8.832" errors="0">
  <testcase name="oracle" time="8.832" classname="testNG.DeleteCookie"/>
</testsuite> <!-- testNG.DeleteCookie -->
