<?xml version="1.0" encoding="UTF-8"?>
<!-- Generated by org.testng.reporters.JUnitReportReporter -->
<testsuite skipped="0" hostname="Infva07023" name="day7.AlertExample" tests="1" failures="0" timestamp="12 Mar 2019 06:42:31 GMT" time="12.755" errors="0">
  <testcase name="alertTesting" time="12.755" classname="day7.AlertExample"/>
</testsuite> <!-- day7.AlertExample -->
