<?xml version="1.0" encoding="UTF-8"?>
<!-- Generated by org.testng.reporters.JUnitReportReporter -->
<testsuite skipped="0" hostname="Infva07023" name="myconnection.DataFromDatabase" tests="1" failures="0" timestamp="11 Mar 2019 12:57:47 GMT" time="0.254" errors="0">
  <testcase name="f" time="0.254" classname="myconnection.DataFromDatabase"/>
</testsuite> <!-- myconnection.DataFromDatabase -->
